{"D:\\Projects\\project-examples\\demo2\\src\\functions\\hello.ts": {"path":"D:\\Projects\\project-examples\\demo2\\src\\functions\\hello.ts","statementMap":{"0":{"start":{"line":1,"column":13},"end":{"line":3,"column":2}},"1":{"start":{"line":2,"column":2},"end":{"line":2,"column":24}}},"fnMap":{"0":{"name":"(anonymous_0)","decl":{"start":{"line":1,"column":24},"end":{"line":1,"column":25}},"loc":{"start":{"line":1,"column":37},"end":{"line":3,"column":1}}}},"branchMap":{},"s":{"0":1,"1":3},"f":{"0":3},"b":{}}
,"D:\\Projects\\project-examples\\demo2\\src\\functions\\sum.ts": {"path":"D:\\Projects\\project-examples\\demo2\\src\\functions\\sum.ts","statementMap":{"0":{"start":{"line":1,"column":13},"end":{"line":3,"column":2}},"1":{"start":{"line":2,"column":2},"end":{"line":2,"column":15}}},"fnMap":{"0":{"name":"(anonymous_0)","decl":{"start":{"line":1,"column":19},"end":{"line":1,"column":20}},"loc":{"start":{"line":1,"column":40},"end":{"line":3,"column":1}}}},"branchMap":{},"s":{"0":1,"1":1},"f":{"0":1},"b":{}}
}
